<?xml version="1.0" encoding="UTF-8"?>
<!-- Generated by org.testng.reporters.JUnitReportReporter -->
<testsuite hostname="Parmeshwar-QA" name="com.Airpay.Tests.TC_MA_Panel_Save_Card_EnableDisable_ForCreditCard" tests="2" failures="0" timestamp="17 Oct 2018 07:11:01 GMT" time="90.730" errors="0">
  <testcase name="setup" time="0.000" classname="com.Airpay.Tests.TC_MA_Panel_Save_Card_EnableDisable_ForCreditCard"/>
  <testcase name="TC_TestCaseName" time="90.730" classname="com.Airpay.Tests.TC_MA_Panel_Save_Card_EnableDisable_ForCreditCard"/>
</testsuite> <!-- com.Airpay.Tests.TC_MA_Panel_Save_Card_EnableDisable_ForCreditCard -->
