<?xml version="1.0" encoding="UTF-8"?>
<!-- Generated by org.testng.reporters.JUnitReportReporter -->
<testsuite hostname="Parmeshwar-QA" name="com.Airpay.Tests.TC_PP_Moto_Transaction_Debit_Card_failed_Transaction_Inline_kit" tests="2" failures="0" timestamp="14 Nov 2018 08:39:48 GMT" time="20.589" errors="0">
  <testcase name="TC_TestCaseName" time="20.589" classname="com.Airpay.Tests.TC_PP_Moto_Transaction_Debit_Card_failed_Transaction_Inline_kit"/>
  <testcase name="setup" time="0.000" classname="com.Airpay.Tests.TC_PP_Moto_Transaction_Debit_Card_failed_Transaction_Inline_kit"/>
</testsuite> <!-- com.Airpay.Tests.TC_PP_Moto_Transaction_Debit_Card_failed_Transaction_Inline_kit -->
