<?xml version="1.0" encoding="UTF-8"?>
<!-- Generated by org.testng.reporters.JUnitReportReporter -->
<testsuite hostname="Parmeshwar-QA" name="com.Airpay.Tests.TC_001_SinglePageLink_Verify" tests="2" failures="0" timestamp="19 Feb 2019 08:03:04 GMT" time="111.592" errors="0">
  <testcase name="TC_TestCaseName" time="111.588" classname="com.Airpay.Tests.TC_001_SinglePageLink_Verify"/>
  <testcase name="setup" time="0.004" classname="com.Airpay.Tests.TC_001_SinglePageLink_Verify"/>
</testsuite> <!-- com.Airpay.Tests.TC_001_SinglePageLink_Verify -->
