<?xml version="1.0" encoding="UTF-8"?>
<!-- Generated by org.testng.reporters.JUnitReportReporter -->
<testsuite hostname="Parmeshwar-QA" name="com.Airpay.Tests.TC_PP_Tez_Transaction_Decline_ErrorMessage" tests="2" failures="0" timestamp="3 Dec 2018 12:25:55 GMT" time="85.362" errors="0">
  <testcase name="setup" time="0.000" classname="com.Airpay.Tests.TC_PP_Tez_Transaction_Decline_ErrorMessage"/>
  <testcase name="TC_TestCaseName" time="85.362" classname="com.Airpay.Tests.TC_PP_Tez_Transaction_Decline_ErrorMessage"/>
</testsuite> <!-- com.Airpay.Tests.TC_PP_Tez_Transaction_Decline_ErrorMessage -->
