<?xml version="1.0" encoding="UTF-8"?>
<!-- Generated by org.testng.reporters.JUnitReportReporter -->
<testsuite skipped="0" hostname="DESKTOP-84C37RD" name="com.Airpay.Tests.TC_001_SinglePageLink_Verify" tests="2" failures="0" timestamp="21 Jun 2019 11:54:02 GMT" time="50.671" errors="0">
  <testcase name="setup" time="0.000" classname="com.Airpay.Tests.TC_001_SinglePageLink_Verify"/>
  <testcase name="TC_TestCaseName" time="50.671" classname="com.Airpay.Tests.TC_001_SinglePageLink_Verify"/>
</testsuite> <!-- com.Airpay.Tests.TC_001_SinglePageLink_Verify -->
