<?xml version="1.0" encoding="UTF-8"?>
<!-- Generated by org.testng.reporters.JUnitReportReporter -->
<testsuite hostname="Parmeshwar-QA" name="com.Airpay.Tests.TC_MA_Panel_Cash_URLDetails_Inactive" tests="2" failures="0" timestamp="29 Oct 2018 12:09:43 GMT" time="353.527" errors="0">
  <testcase name="setup" time="0.004" classname="com.Airpay.Tests.TC_MA_Panel_Cash_URLDetails_Inactive"/>
  <testcase name="TC_TestCaseName" time="353.523" classname="com.Airpay.Tests.TC_MA_Panel_Cash_URLDetails_Inactive"/>
</testsuite> <!-- com.Airpay.Tests.TC_MA_Panel_Cash_URLDetails_Inactive -->
