<?xml version="1.0" encoding="UTF-8"?>
<!-- Generated by org.testng.reporters.JUnitReportReporter -->
<testsuite hostname="Parmeshwar-QA" name="com.Airpay.Tests.TC_MA_Panel_NetBanking_BankDetails_MinAndMax_Range_Val" tests="2" failures="0" timestamp="28 Sep 2018 06:35:18 GMT" time="428.010" errors="0">
  <testcase name="setup" time="0.000" classname="com.Airpay.Tests.TC_MA_Panel_NetBanking_BankDetails_MinAndMax_Range_Val"/>
  <testcase name="TC_TestCaseName" time="428.010" classname="com.Airpay.Tests.TC_MA_Panel_NetBanking_BankDetails_MinAndMax_Range_Val"/>
</testsuite> <!-- com.Airpay.Tests.TC_MA_Panel_NetBanking_BankDetails_MinAndMax_Range_Val -->
