<?xml version="1.0" encoding="UTF-8"?>
<!-- Generated by org.testng.reporters.JUnitReportReporter -->
<testsuite hostname="Parmeshwar-QA" name="com.Airpay.Tests.TC_001_CA_Panel_Logo_Verify" tests="2" failures="0" timestamp="22 Jan 2019 11:38:18 GMT" time="23.079" errors="0">
  <testcase name="TC_TestCaseName" time="23.075" classname="com.Airpay.Tests.TC_001_CA_Panel_Logo_Verify"/>
  <testcase name="setup" time="0.004" classname="com.Airpay.Tests.TC_001_CA_Panel_Logo_Verify"/>
</testsuite> <!-- com.Airpay.Tests.TC_001_CA_Panel_Logo_Verify -->
