<?xml version="1.0" encoding="UTF-8"?>
<!-- Generated by org.testng.reporters.JUnitReportReporter -->
<testsuite hostname="Parmeshwar-QA" name="com.Airpay.Tests.TC_PP_09_AMEX_Credit_Inline_Kit" tests="2" failures="0" timestamp="14 Nov 2018 07:38:46 GMT" time="22.092" errors="0">
  <testcase name="TC_TestCaseName" time="22.092" classname="com.Airpay.Tests.TC_PP_09_AMEX_Credit_Inline_Kit"/>
  <testcase name="setup" time="0.000" classname="com.Airpay.Tests.TC_PP_09_AMEX_Credit_Inline_Kit"/>
</testsuite> <!-- com.Airpay.Tests.TC_PP_09_AMEX_Credit_Inline_Kit -->
