<?xml version="1.0" encoding="UTF-8"?>
<!-- Generated by org.testng.reporters.JUnitReportReporter -->
<testsuite hostname="Parmeshwar-QA" name="com.Airpay.Tests.TC_PP_06" tests="2" failures="0" timestamp="6 Feb 2019 11:06:57 GMT" time="6.276" errors="0">
  <testcase name="setup" time="0.000" classname="com.Airpay.Tests.TC_PP_06"/>
  <testcase name="TC_TestCaseName" time="6.276" classname="com.Airpay.Tests.TC_PP_06"/>
</testsuite> <!-- com.Airpay.Tests.TC_PP_06 -->
