<?xml version="1.0" encoding="UTF-8"?>
<!-- Generated by org.testng.reporters.JUnitReportReporter -->
<testsuite hostname="Parmeshwar-QA" name="com.Airpay.Tests.TC_PP_Tez_Session_TimeOut_ErrorMesg" tests="2" failures="0" timestamp="3 Dec 2018 12:22:45 GMT" time="84.042" errors="0">
  <testcase name="TC_TestCaseName" time="84.042" classname="com.Airpay.Tests.TC_PP_Tez_Session_TimeOut_ErrorMesg"/>
  <testcase name="setup" time="0.000" classname="com.Airpay.Tests.TC_PP_Tez_Session_TimeOut_ErrorMesg"/>
</testsuite> <!-- com.Airpay.Tests.TC_PP_Tez_Session_TimeOut_ErrorMesg -->
