<?xml version="1.0" encoding="UTF-8"?>
<!-- Generated by org.testng.reporters.JUnitReportReporter -->
<testsuite hostname="Parmeshwar-QA" name="com.Airpay.Tests.TC_PP_10_Inline_kit" tests="2" failures="0" timestamp="14 Nov 2018 07:39:27 GMT" time="6.300" errors="0">
  <testcase name="TC_TestCaseName" time="6.300" classname="com.Airpay.Tests.TC_PP_10_Inline_kit"/>
  <testcase name="setup" time="0.000" classname="com.Airpay.Tests.TC_PP_10_Inline_kit"/>
</testsuite> <!-- com.Airpay.Tests.TC_PP_10_Inline_kit -->
