<?xml version="1.0" encoding="UTF-8"?>
<!-- Generated by org.testng.reporters.JUnitReportReporter -->
<testsuite skipped="0" hostname="DESKTOP-84C37RD" name="com.Airpay.Tests.TC_001_TanishqPayLogoVerifyThrough_op" tests="2" failures="0" timestamp="07 Jun 2019 09:51:41 GMT" time="16844.207" errors="0">
  <testcase name="setup" time="0.019" classname="com.Airpay.Tests.TC_001_TanishqPayLogoVerifyThrough_op"/>
  <testcase name="TC_TestCaseName" time="16844.188" classname="com.Airpay.Tests.TC_001_TanishqPayLogoVerifyThrough_op"/>
</testsuite> <!-- com.Airpay.Tests.TC_001_TanishqPayLogoVerifyThrough_op -->
