<?xml version="1.0" encoding="UTF-8"?>
<!-- Generated by org.testng.reporters.JUnitReportReporter -->
<testsuite hostname="Parmeshwar-QA" name="com.Airpay.Tests.TC_002_InvoicePayLogo_Verify_through_Link_ImportFieldsValidation" tests="2" failures="0" timestamp="1 Mar 2019 04:59:44 GMT" time="45.503" errors="0">
  <testcase name="setup" time="0.000" classname="com.Airpay.Tests.TC_002_InvoicePayLogo_Verify_through_Link_ImportFieldsValidation"/>
  <testcase name="TC_TestCaseName" time="45.503" classname="com.Airpay.Tests.TC_002_InvoicePayLogo_Verify_through_Link_ImportFieldsValidation"/>
</testsuite> <!-- com.Airpay.Tests.TC_002_InvoicePayLogo_Verify_through_Link_ImportFieldsValidation -->
