<?xml version="1.0" encoding="UTF-8"?>
<!-- Generated by org.testng.reporters.JUnitReportReporter -->
<testsuite hostname="Parmeshwar-QA" name="com.Airpay.Tests.TC_001_SinglePageLink_Verify" tests="2" failures="0" timestamp="8 May 2019 06:35:09 GMT" time="111.258" errors="0">
  <testcase name="setup" time="0.008" classname="com.Airpay.Tests.TC_001_SinglePageLink_Verify"/>
  <testcase name="TC_TestCaseName" time="111.250" classname="com.Airpay.Tests.TC_001_SinglePageLink_Verify"/>
</testsuite> <!-- com.Airpay.Tests.TC_001_SinglePageLink_Verify -->
