<?xml version="1.0" encoding="UTF-8"?>
<!-- Generated by org.testng.reporters.JUnitReportReporter -->
<testsuite hostname="Parmeshwar-QA" name="com.Airpay.Tests.TC_MA_panel_Cash_Successfull_Transaction_With_MATransactionDetails" tests="2" failures="0" timestamp="25 Oct 2018 07:25:29 GMT" time="203.608" errors="0">
  <testcase name="setup" time="0.003" classname="com.Airpay.Tests.TC_MA_panel_Cash_Successfull_Transaction_With_MATransactionDetails"/>
  <testcase name="TC_TestCaseName" time="203.605" classname="com.Airpay.Tests.TC_MA_panel_Cash_Successfull_Transaction_With_MATransactionDetails"/>
</testsuite> <!-- com.Airpay.Tests.TC_MA_panel_Cash_Successfull_Transaction_With_MATransactionDetails -->
