<?xml version="1.0" encoding="UTF-8"?>
<!-- Generated by org.testng.reporters.JUnitReportReporter -->
<testsuite hostname="Parmeshwar-QA" name="com.Airpay.Tests.TC_ID_004_verify_Convenience_Fee_menu_is_available_or_not" tests="2" failures="0" timestamp="12 Dec 2018 05:16:08 GMT" time="22.345" errors="0">
  <testcase name="TC_TestCaseName" time="22.342" classname="com.Airpay.Tests.TC_ID_004_verify_Convenience_Fee_menu_is_available_or_not"/>
  <testcase name="setup" time="0.003" classname="com.Airpay.Tests.TC_ID_004_verify_Convenience_Fee_menu_is_available_or_not"/>
</testsuite> <!-- com.Airpay.Tests.TC_ID_004_verify_Convenience_Fee_menu_is_available_or_not -->
