<?xml version="1.0" encoding="UTF-8"?>
<!-- Generated by org.testng.reporters.JUnitReportReporter -->
<testsuite hostname="Parmeshwar-QA" name="com.Airpay.Tests.TC_001_SOTC_Logo_Verify" tests="2" failures="0" timestamp="13 Feb 2019 05:45:00 GMT" time="59.824" errors="0">
  <testcase name="setup" time="0.016" classname="com.Airpay.Tests.TC_001_SOTC_Logo_Verify"/>
  <testcase name="TC_TestCaseName" time="59.808" classname="com.Airpay.Tests.TC_001_SOTC_Logo_Verify"/>
</testsuite> <!-- com.Airpay.Tests.TC_001_SOTC_Logo_Verify -->
