<?xml version="1.0" encoding="UTF-8"?>
<!-- Generated by org.testng.reporters.JUnitReportReporter -->
<testsuite hostname="Parmeshwar-QA" name="com.Airpay.Tests.TC_002_InvoicePay_Filter_Option" tests="2" failures="0" timestamp="1 Mar 2019 05:01:55 GMT" time="28.180" errors="0">
  <testcase name="setup" time="0.000" classname="com.Airpay.Tests.TC_002_InvoicePay_Filter_Option"/>
  <testcase name="TC_TestCaseName" time="28.180" classname="com.Airpay.Tests.TC_002_InvoicePay_Filter_Option"/>
</testsuite> <!-- com.Airpay.Tests.TC_002_InvoicePay_Filter_Option -->
