<?xml version="1.0" encoding="UTF-8"?>
<!-- Generated by org.testng.reporters.JUnitReportReporter -->
<testsuite hostname="Parmeshwar-QA" name="com.Airpay.Tests.TC_MA_Panel_Cash_Merchant_URLDetails_MinAndMax_Range_val" tests="2" failures="0" timestamp="29 Oct 2018 11:54:35 GMT" time="264.012" errors="0">
  <testcase name="TC_TestCaseName" time="264.012" classname="com.Airpay.Tests.TC_MA_Panel_Cash_Merchant_URLDetails_MinAndMax_Range_val"/>
  <testcase name="setup" time="0.000" classname="com.Airpay.Tests.TC_MA_Panel_Cash_Merchant_URLDetails_MinAndMax_Range_val"/>
</testsuite> <!-- com.Airpay.Tests.TC_MA_Panel_Cash_Merchant_URLDetails_MinAndMax_Range_val -->
