<?xml version="1.0" encoding="UTF-8"?>
<!-- Generated by org.testng.reporters.JUnitReportReporter -->
<testsuite skipped="0" hostname="DESKTOP-84C37RD" name="com.Airpay.Utilities.Create_TestNGXML" tests="1" failures="0" timestamp="21 Jun 2019 11:54:08 GMT" time="390.337" errors="0">
  <testcase name="createXMLfile" time="390.337" classname="com.Airpay.Utilities.Create_TestNGXML"/>
</testsuite> <!-- com.Airpay.Utilities.Create_TestNGXML -->
