<?xml version="1.0" encoding="UTF-8"?>
<!-- Generated by org.testng.reporters.JUnitReportReporter -->
<testsuite hostname="Parmeshwar-QA" name="com.Airpay.Tests.TC_PP_05_Inline_kit" tests="2" failures="0" timestamp="13 Nov 2018 07:23:03 GMT" time="6.455" errors="0">
  <testcase name="TC_TestCaseName" time="6.454" classname="com.Airpay.Tests.TC_PP_05_Inline_kit"/>
  <testcase name="setup" time="0.001" classname="com.Airpay.Tests.TC_PP_05_Inline_kit"/>
</testsuite> <!-- com.Airpay.Tests.TC_PP_05_Inline_kit -->
