<?xml version="1.0" encoding="UTF-8"?>
<!-- Generated by org.testng.reporters.JUnitReportReporter -->
<testsuite hostname="Parmeshwar-QA" name="com.Airpay.Tests.TC_PP_UPI_SuccessTransaction_ErrorMessage" tests="2" failures="0" timestamp="3 Dec 2018 11:54:50 GMT" time="12.942" errors="0">
  <testcase name="TC_TestCaseName" time="12.942" classname="com.Airpay.Tests.TC_PP_UPI_SuccessTransaction_ErrorMessage"/>
  <testcase name="setup" time="0.000" classname="com.Airpay.Tests.TC_PP_UPI_SuccessTransaction_ErrorMessage"/>
</testsuite> <!-- com.Airpay.Tests.TC_PP_UPI_SuccessTransaction_ErrorMessage -->
