<?xml version="1.0" encoding="UTF-8"?>
<!-- Generated by org.testng.reporters.JUnitReportReporter -->
<testsuite hostname="Parmeshwar-QA" name="com.Airpay.Tests.TC_PP_12" tests="2" failures="0" timestamp="6 Feb 2019 11:10:53 GMT" time="20.804" errors="0">
  <testcase name="TC_TestCaseName" time="20.804" classname="com.Airpay.Tests.TC_PP_12"/>
  <testcase name="setup" time="0.000" classname="com.Airpay.Tests.TC_PP_12"/>
</testsuite> <!-- com.Airpay.Tests.TC_PP_12 -->
