<?xml version="1.0" encoding="UTF-8"?>
<!-- Generated by org.testng.reporters.JUnitReportReporter -->
<testsuite skipped="0" hostname="DESKTOP-84C37RD" name="com.Airpay.Tests.TC_SampleTestCase" tests="2" failures="0" timestamp="03 Jun 2019 06:11:07 GMT" time="3.075" errors="0">
  <testcase name="setup" time="0.000" classname="com.Airpay.Tests.TC_SampleTestCase"/>
  <testcase name="TC_TestCaseName" time="3.075" classname="com.Airpay.Tests.TC_SampleTestCase"/>
</testsuite> <!-- com.Airpay.Tests.TC_SampleTestCase -->
