<?xml version="1.0" encoding="UTF-8"?>
<!-- Generated by org.testng.reporters.JUnitReportReporter -->
<testsuite skipped="0" hostname="DESKTOP-84C37RD" name="com.Airpay.Tests.TC_004_Tanishqpay_Filter_Option_Paid_Status" tests="2" failures="0" timestamp="03 Jun 2019 06:10:48 GMT" time="30.273" errors="0">
  <testcase name="setup" time="0.000" classname="com.Airpay.Tests.TC_004_Tanishqpay_Filter_Option_Paid_Status"/>
  <testcase name="TC_TestCaseName" time="30.273" classname="com.Airpay.Tests.TC_004_Tanishqpay_Filter_Option_Paid_Status"/>
</testsuite> <!-- com.Airpay.Tests.TC_004_Tanishqpay_Filter_Option_Paid_Status -->
