<?xml version="1.0" encoding="UTF-8"?>
<!-- Generated by org.testng.reporters.JUnitReportReporter -->
<testsuite hostname="Parmeshwar-QA" name="com.Airpay.Tests.TC_001_SOTC_Logo_Verify" tests="2" failures="0" timestamp="12 Feb 2019 10:50:27 GMT" time="65.498" errors="0">
  <testcase name="TC_TestCaseName" time="65.494" classname="com.Airpay.Tests.TC_001_SOTC_Logo_Verify"/>
  <testcase name="setup" time="0.004" classname="com.Airpay.Tests.TC_001_SOTC_Logo_Verify"/>
</testsuite> <!-- com.Airpay.Tests.TC_001_SOTC_Logo_Verify -->
