<?xml version="1.0" encoding="UTF-8"?>
<!-- Generated by org.testng.reporters.JUnitReportReporter -->
<testsuite hostname="Parmeshwar-QA" name="com.Airpay.Tests.TC_SampleTestCase" tests="2" failures="0" timestamp="30 Mar 2019 10:41:58 GMT" time="26.980" errors="0">
  <testcase name="TC_TestCaseName" time="26.976" classname="com.Airpay.Tests.TC_SampleTestCase"/>
  <testcase name="setup" time="0.004" classname="com.Airpay.Tests.TC_SampleTestCase"/>
</testsuite> <!-- com.Airpay.Tests.TC_SampleTestCase -->
