<?xml version="1.0" encoding="UTF-8"?>
<!-- Generated by org.testng.reporters.JUnitReportReporter -->
<testsuite hostname="Parmeshwar-QA" name="com.Airpay.Tests.TC_002_TanishqPayLogo_Verify_through_Link_ImportFieldsValidation" tests="2" failures="0" timestamp="20 Mar 2019 10:29:13 GMT" time="35.028" errors="0">
  <testcase name="setup" time="0.003" classname="com.Airpay.Tests.TC_002_TanishqPayLogo_Verify_through_Link_ImportFieldsValidation"/>
  <testcase name="TC_TestCaseName" time="35.025" classname="com.Airpay.Tests.TC_002_TanishqPayLogo_Verify_through_Link_ImportFieldsValidation"/>
</testsuite> <!-- com.Airpay.Tests.TC_002_TanishqPayLogo_Verify_through_Link_ImportFieldsValidation -->
