<?xml version="1.0" encoding="UTF-8"?>
<!-- Generated by org.testng.reporters.JUnitReportReporter -->
<testsuite skipped="0" hostname="DESKTOP-84C37RD" name="com.Airpay.Tests.TC_002_TanishqPayLogo_Verify_through_Link_ImportFieldsValidation" tests="2" failures="0" timestamp="07 Jun 2019 10:11:55 GMT" time="1190.264" errors="0">
  <testcase name="setup" time="0.001" classname="com.Airpay.Tests.TC_002_TanishqPayLogo_Verify_through_Link_ImportFieldsValidation"/>
  <testcase name="TC_TestCaseName" time="1190.263" classname="com.Airpay.Tests.TC_002_TanishqPayLogo_Verify_through_Link_ImportFieldsValidation"/>
</testsuite> <!-- com.Airpay.Tests.TC_002_TanishqPayLogo_Verify_through_Link_ImportFieldsValidation -->
