<?xml version="1.0" encoding="UTF-8"?>
<!-- Generated by org.testng.reporters.JUnitReportReporter -->
<testsuite hostname="Parmeshwar-QA" name="com.Airpay.Tests.TC_ID_018_Verify_can_user_add_one_rule_with_one_Title_name" tests="2" failures="0" timestamp="12 Dec 2018 05:21:49 GMT" time="32.396" errors="0">
  <testcase name="setup" time="0.001" classname="com.Airpay.Tests.TC_ID_018_Verify_can_user_add_one_rule_with_one_Title_name"/>
  <testcase name="TC_TestCaseName" time="32.395" classname="com.Airpay.Tests.TC_ID_018_Verify_can_user_add_one_rule_with_one_Title_name"/>
</testsuite> <!-- com.Airpay.Tests.TC_ID_018_Verify_can_user_add_one_rule_with_one_Title_name -->
