<?xml version="1.0" encoding="UTF-8"?>
<!-- Generated by org.testng.reporters.JUnitReportReporter -->
<testsuite hostname="Parmeshwar-QA" name="com.Airpay.Tests.TC_MA_Panel_NetBanking_BankDetails_Active" tests="2" failures="0" timestamp="28 Sep 2018 06:14:46 GMT" time="379.570" errors="0">
  <testcase name="TC_TestCaseName" time="379.570" classname="com.Airpay.Tests.TC_MA_Panel_NetBanking_BankDetails_Active"/>
  <testcase name="setup" time="0.000" classname="com.Airpay.Tests.TC_MA_Panel_NetBanking_BankDetails_Active"/>
</testsuite> <!-- com.Airpay.Tests.TC_MA_Panel_NetBanking_BankDetails_Active -->
