<?xml version="1.0" encoding="UTF-8"?>
<!-- Generated by org.testng.reporters.JUnitReportReporter -->
<testsuite hostname="Parmeshwar-QA" name="com.Airpay.Tests.TC_PP_Cash_MakePayment_Inline_kit" tests="2" failures="0" timestamp="14 Nov 2018 08:18:46 GMT" time="89.939" errors="0">
  <testcase name="setup" time="0.001" classname="com.Airpay.Tests.TC_PP_Cash_MakePayment_Inline_kit"/>
  <testcase name="TC_TestCaseName" time="89.938" classname="com.Airpay.Tests.TC_PP_Cash_MakePayment_Inline_kit"/>
</testsuite> <!-- com.Airpay.Tests.TC_PP_Cash_MakePayment_Inline_kit -->
