<?xml version="1.0" encoding="UTF-8"?>
<!-- Generated by org.testng.reporters.JUnitReportReporter -->
<testsuite hostname="Parmeshwar-QA" name="com.Airpay.Tests.TC_004_InvoicePay_Payment_Url_Invoice_expiry_Field" tests="2" failures="0" timestamp="12 Mar 2019 09:21:29 GMT" time="31.482" errors="0">
  <testcase name="TC_TestCaseName" time="31.476" classname="com.Airpay.Tests.TC_004_InvoicePay_Payment_Url_Invoice_expiry_Field"/>
  <testcase name="setup" time="0.006" classname="com.Airpay.Tests.TC_004_InvoicePay_Payment_Url_Invoice_expiry_Field"/>
</testsuite> <!-- com.Airpay.Tests.TC_004_InvoicePay_Payment_Url_Invoice_expiry_Field -->
