<?xml version="1.0" encoding="UTF-8"?>
<!-- Generated by org.testng.reporters.JUnitReportReporter -->
<testsuite hostname="Parmeshwar-QA" name="com.Airpay.Tests.TC_ID_020_Verify_can_user_create_new_rules_on_Global_level_which_is_same_as_merchant_level" tests="2" failures="0" timestamp="12 Dec 2018 05:23:48 GMT" time="110.651" errors="0">
  <testcase name="setup" time="0.001" classname="com.Airpay.Tests.TC_ID_020_Verify_can_user_create_new_rules_on_Global_level_which_is_same_as_merchant_level"/>
  <testcase name="TC_TestCaseName" time="110.650" classname="com.Airpay.Tests.TC_ID_020_Verify_can_user_create_new_rules_on_Global_level_which_is_same_as_merchant_level"/>
</testsuite> <!-- com.Airpay.Tests.TC_ID_020_Verify_can_user_create_new_rules_on_Global_level_which_is_same_as_merchant_level -->
