<?xml version="1.0" encoding="UTF-8"?>
<!-- Generated by org.testng.reporters.JUnitReportReporter -->
<testsuite hostname="Parmeshwar-QA" name="com.Airpay.Tests.TC_PP_Wallet_Banking_popular_wallet_verifying_Inline_kit" tests="2" failures="0" timestamp="14 Nov 2018 08:32:31 GMT" time="11.163" errors="0">
  <testcase name="setup" time="0.000" classname="com.Airpay.Tests.TC_PP_Wallet_Banking_popular_wallet_verifying_Inline_kit"/>
  <testcase name="TC_TestCaseName" time="11.163" classname="com.Airpay.Tests.TC_PP_Wallet_Banking_popular_wallet_verifying_Inline_kit"/>
</testsuite> <!-- com.Airpay.Tests.TC_PP_Wallet_Banking_popular_wallet_verifying_Inline_kit -->
