<?xml version="1.0" encoding="UTF-8"?>
<!-- Generated by org.testng.reporters.JUnitReportReporter -->
<testsuite hostname="Parmeshwar-QA" name="com.Airpay.Tests.TC_ID_051_Verify_response_added_Convenience_fee_is_reflected_or_not_on_Listing_page_Merchant_Level" tests="2" failures="0" timestamp="18 Oct 2018 07:33:24 GMT" time="9748.289" errors="0">
  <testcase name="setup" time="0.003" classname="com.Airpay.Tests.TC_ID_051_Verify_response_added_Convenience_fee_is_reflected_or_not_on_Listing_page_Merchant_Level"/>
  <testcase name="TC_TestCaseName" time="9748.286" classname="com.Airpay.Tests.TC_ID_051_Verify_response_added_Convenience_fee_is_reflected_or_not_on_Listing_page_Merchant_Level"/>
</testsuite> <!-- com.Airpay.Tests.TC_ID_051_Verify_response_added_Convenience_fee_is_reflected_or_not_on_Listing_page_Merchant_Level -->
