<?xml version="1.0" encoding="UTF-8"?>
<!-- Generated by org.testng.reporters.JUnitReportReporter -->
<testsuite hostname="Parmeshwar-QA" name="com.Airpay.Tests.TC_PP_17_Credit_Card" tests="2" failures="0" timestamp="6 Feb 2019 11:27:40 GMT" time="36.403" errors="0">
  <testcase name="TC_TestCaseName" time="36.403" classname="com.Airpay.Tests.TC_PP_17_Credit_Card"/>
  <testcase name="setup" time="0.000" classname="com.Airpay.Tests.TC_PP_17_Credit_Card"/>
</testsuite> <!-- com.Airpay.Tests.TC_PP_17_Credit_Card -->
