<?xml version="1.0" encoding="UTF-8"?>
<!-- Generated by org.testng.reporters.JUnitReportReporter -->
<testsuite hostname="Parmeshwar-QA" name="com.Airpay.Tests.TC_ID_004_verify_Convenience_Fee_menu_is_available_or_not_Merchant_level" tests="2" failures="0" timestamp="16 Oct 2018 05:35:19 GMT" time="81.251" errors="0">
  <testcase name="TC_TestCaseName" time="81.248" classname="com.Airpay.Tests.TC_ID_004_verify_Convenience_Fee_menu_is_available_or_not_Merchant_level"/>
  <testcase name="setup" time="0.003" classname="com.Airpay.Tests.TC_ID_004_verify_Convenience_Fee_menu_is_available_or_not_Merchant_level"/>
</testsuite> <!-- com.Airpay.Tests.TC_ID_004_verify_Convenience_Fee_menu_is_available_or_not_Merchant_level -->
