<?xml version="1.0" encoding="UTF-8"?>
<!-- Generated by org.testng.reporters.JUnitReportReporter -->
<testsuite hostname="Parmeshwar-QA" name="com.Airpay.Tests.TC_PP_valid_UPI_Transaction_Decline_ErrorMsg" tests="2" failures="0" timestamp="6 Feb 2019 11:51:48 GMT" time="411.001" errors="0">
  <testcase name="TC_TestCaseName" time="411.001" classname="com.Airpay.Tests.TC_PP_valid_UPI_Transaction_Decline_ErrorMsg"/>
  <testcase name="setup" time="0.000" classname="com.Airpay.Tests.TC_PP_valid_UPI_Transaction_Decline_ErrorMsg"/>
</testsuite> <!-- com.Airpay.Tests.TC_PP_valid_UPI_Transaction_Decline_ErrorMsg -->
