<?xml version="1.0" encoding="UTF-8"?>
<!-- Generated by org.testng.reporters.JUnitReportReporter -->
<testsuite hostname="Parmeshwar-QA" name="com.Airpay.Tests.TC_PP_Invalid_UPI_Address_NewDesign" tests="2" failures="0" timestamp="6 Feb 2019 11:43:32 GMT" time="27.350" errors="0">
  <testcase name="TC_TestCaseName" time="27.350" classname="com.Airpay.Tests.TC_PP_Invalid_UPI_Address_NewDesign"/>
  <testcase name="setup" time="0.000" classname="com.Airpay.Tests.TC_PP_Invalid_UPI_Address_NewDesign"/>
</testsuite> <!-- com.Airpay.Tests.TC_PP_Invalid_UPI_Address_NewDesign -->
