<?xml version="1.0" encoding="UTF-8"?>
<!-- Generated by org.testng.reporters.JUnitReportReporter -->
<testsuite hostname="Parmeshwar-QA" name="com.Airpay.Tests.TC_001_SOCT_Logo_Verify" tests="2" failures="0" timestamp="11 Feb 2019 11:40:43 GMT" time="142.764" errors="0">
  <testcase name="setup" time="0.003" classname="com.Airpay.Tests.TC_001_SOCT_Logo_Verify"/>
  <testcase name="TC_TestCaseName" time="142.761" classname="com.Airpay.Tests.TC_001_SOCT_Logo_Verify"/>
</testsuite> <!-- com.Airpay.Tests.TC_001_SOCT_Logo_Verify -->
