<?xml version="1.0" encoding="UTF-8"?>
<!-- Generated by org.testng.reporters.JUnitReportReporter -->
<testsuite hostname="Parmeshwar-QA" name="com.Airpay.Tests.TC_004_Tanishqpay_Filter_Option_Paid_Status" tests="2" failures="0" timestamp="25 Mar 2019 10:23:17 GMT" time="27.627" errors="0">
  <testcase name="TC_TestCaseName" time="27.623" classname="com.Airpay.Tests.TC_004_Tanishqpay_Filter_Option_Paid_Status"/>
  <testcase name="setup" time="0.004" classname="com.Airpay.Tests.TC_004_Tanishqpay_Filter_Option_Paid_Status"/>
</testsuite> <!-- com.Airpay.Tests.TC_004_Tanishqpay_Filter_Option_Paid_Status -->
