<?xml version="1.0" encoding="UTF-8"?>
<!-- Generated by org.testng.reporters.JUnitReportReporter -->
<testsuite hostname="Parmeshwar-QA" name="com.Airpay.Tests.TC_PP_InvalidTez_UPI_Address_ErrMsg" tests="2" failures="0" timestamp="3 Dec 2018 12:21:10 GMT" time="83.286" errors="0">
  <testcase name="setup" time="0.000" classname="com.Airpay.Tests.TC_PP_InvalidTez_UPI_Address_ErrMsg"/>
  <testcase name="TC_TestCaseName" time="83.286" classname="com.Airpay.Tests.TC_PP_InvalidTez_UPI_Address_ErrMsg"/>
</testsuite> <!-- com.Airpay.Tests.TC_PP_InvalidTez_UPI_Address_ErrMsg -->
