<?xml version="1.0" encoding="UTF-8"?>
<!-- Generated by org.testng.reporters.JUnitReportReporter -->
<testsuite hostname="Parmeshwar-QA" name="com.Airpay.Tests.TC_PP_EMI_Invalid_Credit_Card_errMsg" tests="2" failures="0" timestamp="23 Aug 2018 12:12:51 GMT" time="18.027" errors="0">
  <testcase name="setup" time="0.003" classname="com.Airpay.Tests.TC_PP_EMI_Invalid_Credit_Card_errMsg"/>
  <testcase name="TC_TestCaseName" time="18.024" classname="com.Airpay.Tests.TC_PP_EMI_Invalid_Credit_Card_errMsg"/>
</testsuite> <!-- com.Airpay.Tests.TC_PP_EMI_Invalid_Credit_Card_errMsg -->
