<?xml version="1.0" encoding="UTF-8"?>
<!-- Generated by org.testng.reporters.JUnitReportReporter -->
<testsuite hostname="Parmeshwar-QA" name="com.Airpay.Tests.TC_PP_Moto_Transaction_Debit_Card_failed_Transaction" tests="2" failures="0" timestamp="6 Feb 2019 11:42:15 GMT" time="22.280" errors="0">
  <testcase name="setup" time="0.000" classname="com.Airpay.Tests.TC_PP_Moto_Transaction_Debit_Card_failed_Transaction"/>
  <testcase name="TC_TestCaseName" time="22.280" classname="com.Airpay.Tests.TC_PP_Moto_Transaction_Debit_Card_failed_Transaction"/>
</testsuite> <!-- com.Airpay.Tests.TC_PP_Moto_Transaction_Debit_Card_failed_Transaction -->
