<?xml version="1.0" encoding="UTF-8"?>
<!-- Generated by org.testng.reporters.JUnitReportReporter -->
<testsuite hostname="Parmeshwar-QA" name="com.Airpay.Tests.TC_041_Verify_Dropdown_List" tests="2" failures="0" timestamp="12 Dec 2018 05:27:26 GMT" time="103.258" errors="0">
  <testcase name="TC_TestCaseName" time="103.258" classname="com.Airpay.Tests.TC_041_Verify_Dropdown_List"/>
  <testcase name="setup" time="0.000" classname="com.Airpay.Tests.TC_041_Verify_Dropdown_List"/>
</testsuite> <!-- com.Airpay.Tests.TC_041_Verify_Dropdown_List -->
