<?xml version="1.0" encoding="UTF-8"?>
<!-- Generated by org.testng.reporters.JUnitReportReporter -->
<testsuite hostname="Parmeshwar-QA" name="com.Airpay.Tests.TC_MA_Panel_NetBanking_BankDetails_MinAndMax_Range_Negative_val" tests="2" failures="0" timestamp="12 Sep 2018 07:00:23 GMT" time="164.744" errors="0">
  <testcase name="setup" time="0.000" classname="com.Airpay.Tests.TC_MA_Panel_NetBanking_BankDetails_MinAndMax_Range_Negative_val"/>
  <testcase name="TC_TestCaseName" time="164.744" classname="com.Airpay.Tests.TC_MA_Panel_NetBanking_BankDetails_MinAndMax_Range_Negative_val"/>
</testsuite> <!-- com.Airpay.Tests.TC_MA_Panel_NetBanking_BankDetails_MinAndMax_Range_Negative_val -->
