<?xml version="1.0" encoding="UTF-8"?>
<!-- Generated by org.testng.reporters.JUnitReportReporter -->
<testsuite hostname="Parmeshwar-QA" name="com.Airpay.Tests.TC_001_CA_Panel_Tab_Header_Verify" tests="2" failures="0" timestamp="22 Jan 2019 11:59:08 GMT" time="24.114" errors="0">
  <testcase name="setup" time="0.004" classname="com.Airpay.Tests.TC_001_CA_Panel_Tab_Header_Verify"/>
  <testcase name="TC_TestCaseName" time="24.110" classname="com.Airpay.Tests.TC_001_CA_Panel_Tab_Header_Verify"/>
</testsuite> <!-- com.Airpay.Tests.TC_001_CA_Panel_Tab_Header_Verify -->
