<?xml version="1.0" encoding="UTF-8"?>
<!-- Generated by org.testng.reporters.JUnitReportReporter -->
<testsuite hostname="Parmeshwar-QA" name="com.Airpay.Tests.TC_ID_Verify_American_Express_Save_Cards" tests="2" failures="0" timestamp="6 Feb 2019 12:13:58 GMT" time="72.276" errors="0">
  <testcase name="TC_TestCaseName" time="72.276" classname="com.Airpay.Tests.TC_ID_Verify_American_Express_Save_Cards"/>
  <testcase name="setup" time="0.000" classname="com.Airpay.Tests.TC_ID_Verify_American_Express_Save_Cards"/>
</testsuite> <!-- com.Airpay.Tests.TC_ID_Verify_American_Express_Save_Cards -->
