<?xml version="1.0" encoding="UTF-8"?>
<!-- Generated by org.testng.reporters.JUnitReportReporter -->
<testsuite hostname="Parmeshwar-QA" name="com.Airpay.Tests.TC_PP_14_Debit_Card" tests="2" failures="0" timestamp="10 Jan 2019 06:48:45 GMT" time="44.041" errors="0">
  <testcase name="setup" time="0.000" classname="com.Airpay.Tests.TC_PP_14_Debit_Card"/>
  <testcase name="TC_TestCaseName" time="44.041" classname="com.Airpay.Tests.TC_PP_14_Debit_Card"/>
</testsuite> <!-- com.Airpay.Tests.TC_PP_14_Debit_Card -->
