<?xml version="1.0" encoding="UTF-8"?>
<!-- Generated by org.testng.reporters.JUnitReportReporter -->
<testsuite hostname="Parmeshwar-QA" name="com.Airpay.Tests.TC_ID_012_To_check_the_process_of_Title_text_field_for_Surcharge_Merchant_Level" tests="2" failures="0" timestamp="16 Oct 2018 06:32:42 GMT" time="80.834" errors="0">
  <testcase name="setup" time="0.004" classname="com.Airpay.Tests.TC_ID_012_To_check_the_process_of_Title_text_field_for_Surcharge_Merchant_Level"/>
  <testcase name="TC_TestCaseName" time="80.830" classname="com.Airpay.Tests.TC_ID_012_To_check_the_process_of_Title_text_field_for_Surcharge_Merchant_Level"/>
</testsuite> <!-- com.Airpay.Tests.TC_ID_012_To_check_the_process_of_Title_text_field_for_Surcharge_Merchant_Level -->
