<?xml version="1.0" encoding="UTF-8"?>
<!-- Generated by org.testng.reporters.JUnitReportReporter -->
<testsuite hostname="Parmeshwar-QA" name="com.Airpay.Tests.TC_PP_13_Credit_Card_Inline_kit" tests="2" failures="0" timestamp="14 Nov 2018 07:41:25 GMT" time="21.096" errors="0">
  <testcase name="TC_TestCaseName" time="21.095" classname="com.Airpay.Tests.TC_PP_13_Credit_Card_Inline_kit"/>
  <testcase name="setup" time="0.001" classname="com.Airpay.Tests.TC_PP_13_Credit_Card_Inline_kit"/>
</testsuite> <!-- com.Airpay.Tests.TC_PP_13_Credit_Card_Inline_kit -->
