<?xml version="1.0" encoding="UTF-8"?>
<!-- Generated by org.testng.reporters.JUnitReportReporter -->
<testsuite hostname="Parmeshwar-QA" name="com.Airpay.Tests.TC_PP_06_Inline_kit" tests="2" failures="0" timestamp="13 Nov 2018 07:23:19 GMT" time="7.106" errors="0">
  <testcase name="TC_TestCaseName" time="7.106" classname="com.Airpay.Tests.TC_PP_06_Inline_kit"/>
  <testcase name="setup" time="0.000" classname="com.Airpay.Tests.TC_PP_06_Inline_kit"/>
</testsuite> <!-- com.Airpay.Tests.TC_PP_06_Inline_kit -->
