<?xml version="1.0" encoding="UTF-8"?>
<!-- Generated by org.testng.reporters.JUnitReportReporter -->
<testsuite hostname="Parmeshwar-QA" name="com.Airpay.Tests.TC_PP_15_Debit_Card" tests="2" failures="0" timestamp="6 Feb 2019 11:14:14 GMT" time="66.783" errors="0">
  <testcase name="TC_TestCaseName" time="66.783" classname="com.Airpay.Tests.TC_PP_15_Debit_Card"/>
  <testcase name="setup" time="0.000" classname="com.Airpay.Tests.TC_PP_15_Debit_Card"/>
</testsuite> <!-- com.Airpay.Tests.TC_PP_15_Debit_Card -->
