<?xml version="1.0" encoding="UTF-8"?>
<!-- Generated by org.testng.reporters.JUnitReportReporter -->
<testsuite hostname="Parmeshwar-QA" name="com.Airpay.Tests.TC_PP_Tez_Session_Cancel_Popup_ErrorMessage" tests="2" failures="0" timestamp="3 Dec 2018 12:24:19 GMT" time="84.435" errors="0">
  <testcase name="TC_TestCaseName" time="84.435" classname="com.Airpay.Tests.TC_PP_Tez_Session_Cancel_Popup_ErrorMessage"/>
  <testcase name="setup" time="0.000" classname="com.Airpay.Tests.TC_PP_Tez_Session_Cancel_Popup_ErrorMessage"/>
</testsuite> <!-- com.Airpay.Tests.TC_PP_Tez_Session_Cancel_Popup_ErrorMessage -->
