<?xml version="1.0" encoding="UTF-8"?>
<!-- Generated by org.testng.reporters.JUnitReportReporter -->
<testsuite hostname="Parmeshwar-QA" name="com.Airpay.Tests.TC_MA_To_verify_Rupay_card_txn_through_Kotak_pg" tests="2" failures="0" timestamp="10 Jan 2019 06:24:04 GMT" time="73.277" errors="0">
  <testcase name="TC_TestCaseName" time="73.277" classname="com.Airpay.Tests.TC_MA_To_verify_Rupay_card_txn_through_Kotak_pg"/>
  <testcase name="setup" time="0.000" classname="com.Airpay.Tests.TC_MA_To_verify_Rupay_card_txn_through_Kotak_pg"/>
</testsuite> <!-- com.Airpay.Tests.TC_MA_To_verify_Rupay_card_txn_through_Kotak_pg -->
