<?xml version="1.0" encoding="UTF-8"?>
<!-- Generated by org.testng.reporters.JUnitReportReporter -->
<testsuite hostname="Parmeshwar-QA" name="com.Airpay.Tests.TC_PP_14_Credit_Card" tests="2" failures="0" timestamp="15 Jan 2019 05:14:01 GMT" time="424503.406" errors="0">
  <testcase name="TC_TestCaseName" time="424503.406" classname="com.Airpay.Tests.TC_PP_14_Credit_Card"/>
  <testcase name="setup" time="0.003" classname="com.Airpay.Tests.TC_PP_14_Credit_Card"/>
</testsuite> <!-- com.Airpay.Tests.TC_PP_14_Credit_Card -->
