<?xml version="1.0" encoding="UTF-8"?>
<!-- Generated by org.testng.reporters.JUnitReportReporter -->
<testsuite hostname="Parmeshwar-QA" name="com.Airpay.Tests.TC_PP_Invalid_UPI_SessionTimeOut_ErrMsg" tests="2" failures="0" timestamp="22 Aug 2018 05:38:22 GMT" time="13.203" errors="0">
  <testcase name="setup" time="0.003" classname="com.Airpay.Tests.TC_PP_Invalid_UPI_SessionTimeOut_ErrMsg"/>
  <testcase name="TC_TestCaseName" time="13.200" classname="com.Airpay.Tests.TC_PP_Invalid_UPI_SessionTimeOut_ErrMsg"/>
</testsuite> <!-- com.Airpay.Tests.TC_PP_Invalid_UPI_SessionTimeOut_ErrMsg -->
