<?xml version="1.0" encoding="UTF-8"?>
<!-- Generated by org.testng.reporters.JUnitReportReporter -->
<testsuite hostname="Parmeshwar-QA" name="com.Airpay.Tests.TC_001_CA_Panel_Topup_Merchant_wallet_through_moto_Transaction" tests="2" failures="0" timestamp="4 Feb 2019 07:55:27 GMT" time="748.955" errors="0">
  <testcase name="setup" time="0.004" classname="com.Airpay.Tests.TC_001_CA_Panel_Topup_Merchant_wallet_through_moto_Transaction"/>
  <testcase name="TC_TestCaseName" time="748.951" classname="com.Airpay.Tests.TC_001_CA_Panel_Topup_Merchant_wallet_through_moto_Transaction"/>
</testsuite> <!-- com.Airpay.Tests.TC_001_CA_Panel_Topup_Merchant_wallet_through_moto_Transaction -->
