<?xml version="1.0" encoding="UTF-8"?>
<!-- Generated by org.testng.reporters.JUnitReportReporter -->
<testsuite hostname="Parmeshwar-QA" name="com.Airpay.Tests.TC_045_Rule_Successfully_Creation" tests="2" failures="0" timestamp="11 Oct 2018 06:46:31 GMT" time="41.833" errors="0">
  <testcase name="setup" time="0.000" classname="com.Airpay.Tests.TC_045_Rule_Successfully_Creation"/>
  <testcase name="TC_TestCaseName" time="41.833" classname="com.Airpay.Tests.TC_045_Rule_Successfully_Creation"/>
</testsuite> <!-- com.Airpay.Tests.TC_045_Rule_Successfully_Creation -->
