<?xml version="1.0" encoding="UTF-8"?>
<!-- Generated by org.testng.reporters.JUnitReportReporter -->
<testsuite hostname="Parmeshwar-QA" name="com.Airpay.Tests.TC_MA_Panel_Cash_BankDetails_Inactive" tests="2" failures="0" timestamp="29 Oct 2018 11:27:07 GMT" time="356.120" errors="0">
  <testcase name="TC_TestCaseName" time="356.116" classname="com.Airpay.Tests.TC_MA_Panel_Cash_BankDetails_Inactive"/>
  <testcase name="setup" time="0.004" classname="com.Airpay.Tests.TC_MA_Panel_Cash_BankDetails_Inactive"/>
</testsuite> <!-- com.Airpay.Tests.TC_MA_Panel_Cash_BankDetails_Inactive -->
