<?xml version="1.0" encoding="UTF-8"?>
<!-- Generated by org.testng.reporters.JUnitReportReporter -->
<testsuite hostname="Parmeshwar-QA" name="com.Airpay.Tests.TC_PP_UPI_Success_Transaction" tests="2" failures="0" timestamp="20 Dec 2018 05:47:26 GMT" time="323.297" errors="0">
  <testcase name="TC_TestCaseName" time="323.297" classname="com.Airpay.Tests.TC_PP_UPI_Success_Transaction"/>
  <testcase name="setup" time="0.000" classname="com.Airpay.Tests.TC_PP_UPI_Success_Transaction"/>
</testsuite> <!-- com.Airpay.Tests.TC_PP_UPI_Success_Transaction -->
