<?xml version="1.0" encoding="UTF-8"?>
<!-- Generated by org.testng.reporters.JUnitReportReporter -->
<testsuite hostname="Parmeshwar-QA" name="com.Airpay.Tests.TC_PP_11_Debit_Card" tests="2" failures="0" timestamp="6 Feb 2019 11:10:23 GMT" time="21.987" errors="0">
  <testcase name="TC_TestCaseName" time="21.986" classname="com.Airpay.Tests.TC_PP_11_Debit_Card"/>
  <testcase name="setup" time="0.001" classname="com.Airpay.Tests.TC_PP_11_Debit_Card"/>
</testsuite> <!-- com.Airpay.Tests.TC_PP_11_Debit_Card -->
