<?xml version="1.0" encoding="UTF-8"?>
<!-- Generated by org.testng.reporters.JUnitReportReporter -->
<testsuite hostname="Parmeshwar-QA" name="com.Airpay.Tests.TC_003_InvoicePay_Payment_Url_Pending_Record_Transaction_View" tests="2" failures="0" timestamp="11 Mar 2019 10:25:10 GMT" time="30.120" errors="0">
  <testcase name="setup" time="0.000" classname="com.Airpay.Tests.TC_003_InvoicePay_Payment_Url_Pending_Record_Transaction_View"/>
  <testcase name="TC_TestCaseName" time="30.120" classname="com.Airpay.Tests.TC_003_InvoicePay_Payment_Url_Pending_Record_Transaction_View"/>
</testsuite> <!-- com.Airpay.Tests.TC_003_InvoicePay_Payment_Url_Pending_Record_Transaction_View -->
