<?xml version="1.0" encoding="UTF-8"?>
<!-- Generated by org.testng.reporters.JUnitReportReporter -->
<testsuite hostname="Parmeshwar-QA" name="com.Airpay.Tests.TC_PP_04__Inline_kit" tests="2" failures="0" timestamp="13 Nov 2018 07:22:48 GMT" time="8.333" errors="0">
  <testcase name="TC_TestCaseName" time="8.329" classname="com.Airpay.Tests.TC_PP_04__Inline_kit"/>
  <testcase name="setup" time="0.004" classname="com.Airpay.Tests.TC_PP_04__Inline_kit"/>
</testsuite> <!-- com.Airpay.Tests.TC_PP_04__Inline_kit -->
