<?xml version="1.0" encoding="UTF-8"?>
<!-- Generated by org.testng.reporters.JUnitReportReporter -->
<testsuite hostname="Parmeshwar-QA" name="com.Airpay.Tests.TC_063_Verify_response_Submit_button_with_editing_content_Merchant_Level" tests="2" failures="0" timestamp="18 Oct 2018 10:15:10 GMT" time="102.214" errors="0">
  <testcase name="TC_TestCaseName" time="102.211" classname="com.Airpay.Tests.TC_063_Verify_response_Submit_button_with_editing_content_Merchant_Level"/>
  <testcase name="setup" time="0.003" classname="com.Airpay.Tests.TC_063_Verify_response_Submit_button_with_editing_content_Merchant_Level"/>
</testsuite> <!-- com.Airpay.Tests.TC_063_Verify_response_Submit_button_with_editing_content_Merchant_Level -->
