<?xml version="1.0" encoding="UTF-8"?>
<!-- Generated by org.testng.reporters.JUnitReportReporter -->
<testsuite hostname="Parmeshwar-QA" name="com.Airpay.Tests.TC_PP_TezAddress_Empty_field_ErrorRedLines_Inline_kit" tests="2" failures="0" timestamp="14 Nov 2018 09:04:31 GMT" time="9.490" errors="0">
  <testcase name="setup" time="0.000" classname="com.Airpay.Tests.TC_PP_TezAddress_Empty_field_ErrorRedLines_Inline_kit"/>
  <testcase name="TC_TestCaseName" time="9.490" classname="com.Airpay.Tests.TC_PP_TezAddress_Empty_field_ErrorRedLines_Inline_kit"/>
</testsuite> <!-- com.Airpay.Tests.TC_PP_TezAddress_Empty_field_ErrorRedLines_Inline_kit -->
