<?xml version="1.0" encoding="UTF-8"?>
<!-- Generated by org.testng.reporters.JUnitReportReporter -->
<testsuite hostname="Parmeshwar-QA" name="com.Airpay.Tests.TC_PP_valid_UPI_SessionTimeOut_ErrMsg" tests="2" failures="0" timestamp="28 Dec 2018 11:31:36 GMT" time="32.453" errors="0">
  <testcase name="TC_TestCaseName" time="32.450" classname="com.Airpay.Tests.TC_PP_valid_UPI_SessionTimeOut_ErrMsg"/>
  <testcase name="setup" time="0.003" classname="com.Airpay.Tests.TC_PP_valid_UPI_SessionTimeOut_ErrMsg"/>
</testsuite> <!-- com.Airpay.Tests.TC_PP_valid_UPI_SessionTimeOut_ErrMsg -->
