<?xml version="1.0" encoding="UTF-8"?>
<!-- Generated by org.testng.reporters.JUnitReportReporter -->
<testsuite hostname="Parmeshwar-QA" name="com.Airpay.Tests.TC_PP_valid_UPI_SessionTimeOut_ErrMsg_NewDesign" tests="2" failures="0" timestamp="6 Feb 2019 11:44:10 GMT" time="26.921" errors="0">
  <testcase name="TC_TestCaseName" time="26.921" classname="com.Airpay.Tests.TC_PP_valid_UPI_SessionTimeOut_ErrMsg_NewDesign"/>
  <testcase name="setup" time="0.000" classname="com.Airpay.Tests.TC_PP_valid_UPI_SessionTimeOut_ErrMsg_NewDesign"/>
</testsuite> <!-- com.Airpay.Tests.TC_PP_valid_UPI_SessionTimeOut_ErrMsg_NewDesign -->
