<?xml version="1.0" encoding="UTF-8"?>
<!-- Generated by org.testng.reporters.JUnitReportReporter -->
<testsuite hostname="Parmeshwar-QA" name="com.Airpay.Tests.TC_PP_14_EMI" tests="2" failures="0" timestamp="14 Jan 2019 11:12:07 GMT" time="25.329" errors="0">
  <testcase name="TC_TestCaseName" time="25.329" classname="com.Airpay.Tests.TC_PP_14_EMI"/>
  <testcase name="setup" time="0.000" classname="com.Airpay.Tests.TC_PP_14_EMI"/>
</testsuite> <!-- com.Airpay.Tests.TC_PP_14_EMI -->
