<?xml version="1.0" encoding="UTF-8"?>
<!-- Generated by org.testng.reporters.JUnitReportReporter -->
<testsuite hostname="Parmeshwar-QA" name="com.Airpay.Tests.TC_041_Verify_Dropdown_List_Merchant_Level" tests="2" failures="0" timestamp="17 Oct 2018 10:27:27 GMT" time="86.062" errors="0">
  <testcase name="TC_TestCaseName" time="86.059" classname="com.Airpay.Tests.TC_041_Verify_Dropdown_List_Merchant_Level"/>
  <testcase name="setup" time="0.003" classname="com.Airpay.Tests.TC_041_Verify_Dropdown_List_Merchant_Level"/>
</testsuite> <!-- com.Airpay.Tests.TC_041_Verify_Dropdown_List_Merchant_Level -->
